2019/05/06 18:01:57 にビルドを開始しました。
     1>ノード 2 上のプロジェクト "M:\業務データ\2017\A000GD-D113_三次元解析の高速化\99_Doctor\20_3D_Tri_Flow\190503_Nakaumi_再現\3D_Model_Simple\3D_Model_Simple.vcxproj" (Build ターゲット)。
     1>ClCompile:
         C:\Program Files (x86)\Microsoft Visual Studio 12.0\VC\bin\x86_amd64\CL.exe /c /Zi /nologo /W3 /WX- /sdl- /Od /D _MBCS /Gm /EHsc /RTC1 /MDd /GS /fp:precise /Zc:wchar_t /Zc:forScope /Fo"x64\Debug\\" /Fd"x64\Debug\vc120.pdb" /Gd /TC /wd4996 /errorReport:prompt Read.c
         Read.c
       Link:
         C:\Program Files (x86)\Microsoft Visual Studio 12.0\VC\bin\x86_amd64\link.exe /ERRORREPORT:PROMPT /OUT:"M:\業務データ\2017\A000GD-D113_三次元解析の高速化\99_Doctor\20_3D_Tri_Flow\190503_Nakaumi_再現\x64\Debug\3D_Model_Simple.exe" /INCREMENTAL /NOLOGO kernel32.lib user32.lib gdi32.lib winspool.lib comdlg32.lib advapi32.lib shell32.lib ole32.lib oleaut32.lib uuid.lib odbc32.lib odbccp32.lib /MANIFEST /MANIFESTUAC:"level='asInvoker' uiAccess='false'" /manifest:embed /DEBUG /PDB:"M:\業務データ\2017\A000GD-D113_三次元解析の高速化\99_Doctor\20_3D_Tri_Flow\190503_Nakaumi_再現\x64\Debug\3D_Model_Simple.pdb" /TLBID:1 /DYNAMICBASE /NXCOMPAT /IMPLIB:"M:\業務データ\2017\A000GD-D113_三次元解析の高速化\99_Doctor\20_3D_Tri_Flow\190503_Nakaumi_再現\x64\Debug\3D_Model_Simple.lib" /MACHINE:X64 x64\Debug\Cal_Info.obj
         x64\Debug\Dat_Tecp.obj
         x64\Debug\Density_Value.obj
         x64\Debug\e_Advection.obj
         x64\Debug\e_Diffusion.obj
         x64\Debug\Free.obj
         x64\Debug\Geom.obj
         x64\Debug\h_Advection.obj
         x64\Debug\Init.obj
         x64\Debug\k_Advection.obj
         x64\Debug\k_Diffusion.obj
         x64\Debug\main.obj
         x64\Debug\Pressure_SMAC.obj
         x64\Debug\Read.obj
         x64\Debug\Set_Dependent_Value.obj
         x64\Debug\Sync.obj
         x64\Debug\s_Advection.obj
         x64\Debug\s_Diffusion.obj
         x64\Debug\u_Advection.obj
         x64\Debug\u_Diffusion.obj
         x64\Debug\v_Advection.obj
         x64\Debug\v_Diffusion.obj
         x64\Debug\w_Advection.obj
         x64\Debug\w_Diffusion.obj
         3D_Model_Simple.vcxproj -> M:\業務データ\2017\A000GD-D113_三次元解析の高速化\99_Doctor\20_3D_Tri_Flow\190503_Nakaumi_再現\x64\Debug\3D_Model_Simple.exe
     1>プロジェクト "M:\業務データ\2017\A000GD-D113_三次元解析の高速化\99_Doctor\20_3D_Tri_Flow\190503_Nakaumi_再現\3D_Model_Simple\3D_Model_Simple.vcxproj" (Build ターゲット) のビルドが完了しました。

ビルドに成功しました。

経過時間 00:00:01.91
