2019/12/05 22:20:48 にビルドを開始しました。
     1>ノード 2 上のプロジェクト "M:\業務データ\2017\A000GD-D113_三次元解析の高速化\99_Doctor\20_3D_Tri_Flow\191205_Nakaumi_H9T19\3D_Model_Simple\3D_Model_Simple.vcxproj" (Build ターゲット)。
     1>ClCompile:
         C:\Program Files (x86)\Microsoft Visual Studio 12.0\VC\bin\x86_amd64\CL.exe /c /Zi /nologo /W3 /WX- /sdl /O2 /Oi /GL /D _MBCS /Gm- /EHsc /MD /GS /Gy /fp:precise /Zc:wchar_t /Zc:forScope /Fo"x64\Release\\" /Fd"x64\Release\vc120.pdb" /Gd /TC /errorReport:prompt Cal_Info.c Dat_Tecp.c Density_Value.c e_Advection.c e_Diffusion.c Free.c Geom.c h_Advection.c Init.c k_Advection.c k_Diffusion.c main.c Pressure_SMAC.c Read.c Set_Dependent_Value.c Sync.c s_Advection.c s_Diffusion.c u_Advection.c u_Diffusion.c v_Advection.c v_Diffusion.c w_Advection.c w_Diffusion.c
         Cal_Info.c
         Dat_Tecp.c
         Density_Value.c
         e_Advection.c
         e_Diffusion.c
         Free.c
         Geom.c
         h_Advection.c
         Init.c
         k_Advection.c
         k_Diffusion.c
         main.c
         Pressure_SMAC.c
         Read.c
         Set_Dependent_Value.c
         Sync.c
         s_Advection.c
         s_Diffusion.c
         u_Advection.c
         u_Diffusion.c
         コンパイル中...
         v_Advection.c
         v_Diffusion.c
         w_Advection.c
         w_Diffusion.c
       Link:
         C:\Program Files (x86)\Microsoft Visual Studio 12.0\VC\bin\x86_amd64\link.exe /ERRORREPORT:PROMPT /OUT:"M:\業務データ\2017\A000GD-D113_三次元解析の高速化\99_Doctor\20_3D_Tri_Flow\191205_Nakaumi_H9T19\x64\Release\3D_Model_Simple.exe" /NOLOGO kernel32.lib user32.lib gdi32.lib winspool.lib comdlg32.lib advapi32.lib shell32.lib ole32.lib oleaut32.lib uuid.lib odbc32.lib odbccp32.lib /MANIFEST /MANIFESTUAC:"level='asInvoker' uiAccess='false'" /manifest:embed /DEBUG /PDB:"M:\業務データ\2017\A000GD-D113_三次元解析の高速化\99_Doctor\20_3D_Tri_Flow\191205_Nakaumi_H9T19\x64\Release\3D_Model_Simple.pdb" /OPT:REF /OPT:ICF /LTCG /TLBID:1 /DYNAMICBASE /NXCOMPAT /IMPLIB:"M:\業務データ\2017\A000GD-D113_三次元解析の高速化\99_Doctor\20_3D_Tri_Flow\191205_Nakaumi_H9T19\x64\Release\3D_Model_Simple.lib" /MACHINE:X64 x64\Release\Cal_Info.obj
         x64\Release\Dat_Tecp.obj
         x64\Release\Density_Value.obj
         x64\Release\e_Advection.obj
         x64\Release\e_Diffusion.obj
         x64\Release\Free.obj
         x64\Release\Geom.obj
         x64\Release\h_Advection.obj
         x64\Release\Init.obj
         x64\Release\k_Advection.obj
         x64\Release\k_Diffusion.obj
         x64\Release\main.obj
         x64\Release\Pressure_SMAC.obj
         x64\Release\Read.obj
         x64\Release\Set_Dependent_Value.obj
         x64\Release\Sync.obj
         x64\Release\s_Advection.obj
         x64\Release\s_Diffusion.obj
         x64\Release\u_Advection.obj
         x64\Release\u_Diffusion.obj
         x64\Release\v_Advection.obj
         x64\Release\v_Diffusion.obj
         x64\Release\w_Advection.obj
         x64\Release\w_Diffusion.obj
         コード生成しています。
         コード生成が終了しました。
         3D_Model_Simple.vcxproj -> M:\業務データ\2017\A000GD-D113_三次元解析の高速化\99_Doctor\20_3D_Tri_Flow\191205_Nakaumi_H9T19\x64\Release\3D_Model_Simple.exe
     1>プロジェクト "M:\業務データ\2017\A000GD-D113_三次元解析の高速化\99_Doctor\20_3D_Tri_Flow\191205_Nakaumi_H9T19\3D_Model_Simple\3D_Model_Simple.vcxproj" (Build ターゲット) のビルドが完了しました。

ビルドに成功しました。

経過時間 00:00:14.98
